<?xml version="1.0" encoding="UTF-8"?>
<!-- Generated by org.testng.reporters.JUnitXMLReporter -->
<testsuite ignored="0" hostname="Karlo" failures="0" tests="2" name="Error Validation Test" time="42.212" errors="0" timestamp="2024-03-30T15:49:26 IST">
  <testcase classname="rahulshettyacademy.tests.ErrorValidationsTest" name="LoginErrorValidation" time="1.966"/>
  <testcase classname="rahulshettyacademy.tests.ErrorValidationsTest" name="ProductErrorValidation" time="23.671"/>
</testsuite> <!-- Error Validation Test -->
