<?xml version="1.0" encoding="UTF-8"?>
<testng-results ignored="0" total="5" passed="5" failed="0" skipped="0">
  <reporter-output>
  </reporter-output>
  <suite started-at="2024-03-30T15:48:43 IST" name="Suite" finished-at="2024-03-30T15:49:41 IST" duration-ms="57648">
    <groups>
      <group name="ErrorHandling">
        <method signature="ErrorValidationsTest.LoginErrorValidation()[pri:0, instance:rahulshettyacademy.tests.ErrorValidationsTest@5965d37]" name="LoginErrorValidation" class="rahulshettyacademy.tests.ErrorValidationsTest"/>
      </group> <!-- ErrorHandling -->
      <group name="Purchase">
        <method signature="SubmitOrderTest.submitOrder(java.util.HashMap)[pri:0, instance:rahulshettyacademy.tests.SubmitOrderTest@7f485fda]" name="submitOrder" class="rahulshettyacademy.tests.SubmitOrderTest"/>
      </group> <!-- Purchase -->
    </groups>
    <test started-at="2024-03-30T15:48:43 IST" name="Error Validation Test" finished-at="2024-03-30T15:49:26 IST" duration-ms="42212">
      <class name="rahulshettyacademy.tests.ErrorValidationsTest">
        <test-method is-config="true" signature="launchApplication()[pri:0, instance:rahulshettyacademy.tests.ErrorValidationsTest@5965d37]" started-at="2024-03-30T15:48:43 IST" name="launchApplication" finished-at="2024-03-30T15:48:53 IST" duration-ms="9494" status="PASS">
          <reporter-output>
          </reporter-output>
        </test-method> <!-- launchApplication -->
        <test-method signature="LoginErrorValidation()[pri:0, instance:rahulshettyacademy.tests.ErrorValidationsTest@5965d37]" started-at="2024-03-30T15:48:53 IST" name="LoginErrorValidation" finished-at="2024-03-30T15:48:55 IST" duration-ms="1966" status="PASS">
          <reporter-output>
          </reporter-output>
        </test-method> <!-- LoginErrorValidation -->
        <test-method is-config="true" signature="tearDown()[pri:0, instance:rahulshettyacademy.tests.ErrorValidationsTest@5965d37]" started-at="2024-03-30T15:48:55 IST" name="tearDown" finished-at="2024-03-30T15:48:55 IST" duration-ms="78" status="PASS">
          <reporter-output>
          </reporter-output>
        </test-method> <!-- tearDown -->
        <test-method is-config="true" signature="launchApplication()[pri:0, instance:rahulshettyacademy.tests.ErrorValidationsTest@5965d37]" started-at="2024-03-30T15:48:55 IST" name="launchApplication" finished-at="2024-03-30T15:49:02 IST" duration-ms="6848" status="PASS">
          <reporter-output>
          </reporter-output>
        </test-method> <!-- launchApplication -->
        <test-method signature="ProductErrorValidation()[pri:0, instance:rahulshettyacademy.tests.ErrorValidationsTest@5965d37]" started-at="2024-03-30T15:49:02 IST" name="ProductErrorValidation" finished-at="2024-03-30T15:49:26 IST" duration-ms="23671" status="PASS">
          <reporter-output>
          </reporter-output>
        </test-method> <!-- ProductErrorValidation -->
        <test-method is-config="true" signature="tearDown()[pri:0, instance:rahulshettyacademy.tests.ErrorValidationsTest@5965d37]" started-at="2024-03-30T15:49:26 IST" name="tearDown" finished-at="2024-03-30T15:49:26 IST" duration-ms="75" status="PASS">
          <reporter-output>
          </reporter-output>
        </test-method> <!-- tearDown -->
      </class> <!-- rahulshettyacademy.tests.ErrorValidationsTest -->
    </test> <!-- Error Validation Test -->
    <test started-at="2024-03-30T15:48:43 IST" name="Submit Order Test" finished-at="2024-03-30T15:49:41 IST" duration-ms="57648">
      <class name="rahulshettyacademy.tests.SubmitOrderTest">
        <test-method is-config="true" signature="launchApplication()[pri:0, instance:rahulshettyacademy.tests.SubmitOrderTest@7f485fda]" started-at="2024-03-30T15:48:44 IST" name="launchApplication" finished-at="2024-03-30T15:48:52 IST" duration-ms="8240" status="PASS">
          <reporter-output>
          </reporter-output>
        </test-method> <!-- launchApplication -->
        <test-method signature="submitOrder(java.util.HashMap)[pri:0, instance:rahulshettyacademy.tests.SubmitOrderTest@7f485fda]" started-at="2024-03-30T15:48:52 IST" name="submitOrder" data-provider="getData" finished-at="2024-03-30T15:49:09 IST" duration-ms="16491" status="PASS">
          <params>
            <param index="0">
              <value>
                <![CDATA[{password=k12345678G@, email=karlo@gmail.com, productName=ZARA COAT 3}]]>
              </value>
            </param>
          </params>
          <reporter-output>
          </reporter-output>
        </test-method> <!-- submitOrder -->
        <test-method is-config="true" signature="tearDown()[pri:0, instance:rahulshettyacademy.tests.SubmitOrderTest@7f485fda]" started-at="2024-03-30T15:49:09 IST" name="tearDown" finished-at="2024-03-30T15:49:09 IST" duration-ms="85" status="PASS">
          <reporter-output>
          </reporter-output>
        </test-method> <!-- tearDown -->
        <test-method is-config="true" signature="launchApplication()[pri:0, instance:rahulshettyacademy.tests.SubmitOrderTest@7f485fda]" started-at="2024-03-30T15:49:09 IST" name="launchApplication" finished-at="2024-03-30T15:49:15 IST" duration-ms="6601" status="PASS">
          <reporter-output>
          </reporter-output>
        </test-method> <!-- launchApplication -->
        <test-method signature="submitOrder(java.util.HashMap)[pri:0, instance:rahulshettyacademy.tests.SubmitOrderTest@7f485fda]" started-at="2024-03-30T15:49:15 IST" name="submitOrder" data-provider="getData" finished-at="2024-03-30T15:49:32 IST" duration-ms="17106" status="PASS">
          <params>
            <param index="0">
              <value>
                <![CDATA[{password=Iamking@000, email=shetty@gmail.com, productName=ADIDAS ORIGINAL}]]>
              </value>
            </param>
          </params>
          <reporter-output>
          </reporter-output>
        </test-method> <!-- submitOrder -->
        <test-method is-config="true" signature="tearDown()[pri:0, instance:rahulshettyacademy.tests.SubmitOrderTest@7f485fda]" started-at="2024-03-30T15:49:32 IST" name="tearDown" finished-at="2024-03-30T15:49:32 IST" duration-ms="85" status="PASS">
          <reporter-output>
          </reporter-output>
        </test-method> <!-- tearDown -->
        <test-method is-config="true" signature="launchApplication()[pri:0, instance:rahulshettyacademy.tests.SubmitOrderTest@7f485fda]" started-at="2024-03-30T15:49:32 IST" name="launchApplication" finished-at="2024-03-30T15:49:40 IST" duration-ms="7977" status="PASS">
          <reporter-output>
          </reporter-output>
        </test-method> <!-- launchApplication -->
        <test-method signature="OrderHistoryTest()[pri:0, instance:rahulshettyacademy.tests.SubmitOrderTest@7f485fda]" started-at="2024-03-30T15:49:40 IST" name="OrderHistoryTest" finished-at="2024-03-30T15:49:41 IST" depends-on-methods="rahulshettyacademy.tests.SubmitOrderTest.submitOrder" duration-ms="547" status="PASS">
          <reporter-output>
          </reporter-output>
        </test-method> <!-- OrderHistoryTest -->
        <test-method is-config="true" signature="tearDown()[pri:0, instance:rahulshettyacademy.tests.SubmitOrderTest@7f485fda]" started-at="2024-03-30T15:49:41 IST" name="tearDown" finished-at="2024-03-30T15:49:41 IST" duration-ms="55" status="PASS">
          <reporter-output>
          </reporter-output>
        </test-method> <!-- tearDown -->
      </class> <!-- rahulshettyacademy.tests.SubmitOrderTest -->
    </test> <!-- Submit Order Test -->
  </suite> <!-- Suite -->
</testng-results>
