<?xml version="1.0" encoding="UTF-8"?>
<testng-results ignored="0" total="1" passed="1" failed="0" skipped="0">
  <reporter-output>
  </reporter-output>
  <suite started-at="2024-04-07T17:06:23 IST" name="Suite" finished-at="2024-04-07T17:06:32 IST" duration-ms="8979">
    <groups>
      <group name="ErrorHandling">
        <method signature="ErrorValidationsTest.LoginErrorValidation()[pri:0, instance:rahulshettyacademy.tests.ErrorValidationsTest@57a78e3]" name="LoginErrorValidation" class="rahulshettyacademy.tests.ErrorValidationsTest"/>
      </group> <!-- ErrorHandling -->
    </groups>
    <test started-at="2024-04-07T17:06:23 IST" name="Submit Order Test" finished-at="2024-04-07T17:06:23 IST" duration-ms="19">
    </test> <!-- Submit Order Test -->
    <test started-at="2024-04-07T17:06:23 IST" name="Error Validation Test" finished-at="2024-04-07T17:06:32 IST" duration-ms="8979">
      <class name="rahulshettyacademy.tests.ErrorValidationsTest">
        <test-method is-config="true" signature="launchApplication()[pri:0, instance:rahulshettyacademy.tests.ErrorValidationsTest@57a78e3]" started-at="2024-04-07T17:06:23 IST" name="launchApplication" finished-at="2024-04-07T17:06:31 IST" duration-ms="8137" status="PASS">
          <reporter-output>
          </reporter-output>
        </test-method> <!-- launchApplication -->
        <test-method signature="LoginErrorValidation()[pri:0, instance:rahulshettyacademy.tests.ErrorValidationsTest@57a78e3]" started-at="2024-04-07T17:06:31 IST" name="LoginErrorValidation" finished-at="2024-04-07T17:06:32 IST" duration-ms="601" status="PASS">
          <reporter-output>
          </reporter-output>
        </test-method> <!-- LoginErrorValidation -->
        <test-method is-config="true" signature="tearDown()[pri:0, instance:rahulshettyacademy.tests.ErrorValidationsTest@57a78e3]" started-at="2024-04-07T17:06:32 IST" name="tearDown" finished-at="2024-04-07T17:06:32 IST" duration-ms="138" status="PASS">
          <reporter-output>
          </reporter-output>
        </test-method> <!-- tearDown -->
      </class> <!-- rahulshettyacademy.tests.ErrorValidationsTest -->
    </test> <!-- Error Validation Test -->
  </suite> <!-- Suite -->
</testng-results>
